This file contains any messages produced by compilers while
running configure, to aid debugging if configure makes a mistake.

It was created by configure, which was
generated by GNU Autoconf 2.63.  Invocation command line was

  $ ./configure 

## --------- ##
## Platform. ##
## --------- ##

hostname = rnks-vm
uname -m = x86_64
uname -r = 5.4.0-56-generic
uname -s = Linux
uname -v = #62-Ubuntu SMP Mon Nov 23 19:20:19 UTC 2020

/usr/bin/uname -p = x86_64
/bin/uname -X     = unknown

/bin/arch              = x86_64
/usr/bin/arch -k       = unknown
/usr/convex/getsysinfo = unknown
/usr/bin/hostinfo      = unknown
/bin/machine           = unknown
/usr/bin/oslevel       = unknown
/bin/universe          = unknown

PATH: /usr/local/sbin
PATH: /usr/local/bin
PATH: /usr/sbin
PATH: /usr/bin
PATH: /sbin
PATH: /bin
PATH: /usr/games
PATH: /usr/local/games
PATH: /snap/bin


## ----------- ##
## Core tests. ##
## ----------- ##

configure:1830: checking for a BSD-compatible install
configure:1898: result: /usr/bin/install -c
configure:1909: checking whether build environment is sane
configure:1969: result: yes
configure:2110: checking for a thread-safe mkdir -p
configure:2149: result: /usr/bin/mkdir -p
configure:2162: checking for gawk
configure:2192: result: no
configure:2162: checking for mawk
configure:2178: found /usr/bin/mawk
configure:2189: result: mawk
configure:2200: checking whether make sets $(MAKE)
configure:2222: result: yes
configure:2427: checking for gcc
configure:2443: found /usr/bin/gcc
configure:2454: result: gcc
configure:2686: checking for C compiler version
configure:2694: gcc --version >&5
gcc (Ubuntu 9.3.0-17ubuntu1~20.04) 9.3.0
Copyright (C) 2019 Free Software Foundation, Inc.
This is free software; see the source for copying conditions.  There is NO
warranty; not even for MERCHANTABILITY or FITNESS FOR A PARTICULAR PURPOSE.

configure:2698: $? = 0
configure:2705: gcc -v >&5
Using built-in specs.
COLLECT_GCC=gcc
COLLECT_LTO_WRAPPER=/usr/lib/gcc/x86_64-linux-gnu/9/lto-wrapper
OFFLOAD_TARGET_NAMES=nvptx-none:hsa
OFFLOAD_TARGET_DEFAULT=1
Target: x86_64-linux-gnu
Configured with: ../src/configure -v --with-pkgversion='Ubuntu 9.3.0-17ubuntu1~20.04' --with-bugurl=file:///usr/share/doc/gcc-9/README.Bugs --enable-languages=c,ada,c++,go,brig,d,fortran,objc,obj-c++,gm2 --prefix=/usr --with-gcc-major-version-only --program-suffix=-9 --program-prefix=x86_64-linux-gnu- --enable-shared --enable-linker-build-id --libexecdir=/usr/lib --without-included-gettext --enable-threads=posix --libdir=/usr/lib --enable-nls --enable-clocale=gnu --enable-libstdcxx-debug --enable-libstdcxx-time=yes --with-default-libstdcxx-abi=new --enable-gnu-unique-object --disable-vtable-verify --enable-plugin --enable-default-pie --with-system-zlib --with-target-system-zlib=auto --enable-objc-gc=auto --enable-multiarch --disable-werror --with-arch-32=i686 --with-abi=m64 --with-multilib-list=m32,m64,mx32 --enable-multilib --with-tune=generic --enable-offload-targets=nvptx-none=/build/gcc-9-HskZEa/gcc-9-9.3.0/debian/tmp-nvptx/usr,hsa --without-cuda-driver --enable-checking=release --build=x86_64-linux-gnu --host=x86_64-linux-gnu --target=x86_64-linux-gnu
Thread model: posix
gcc version 9.3.0 (Ubuntu 9.3.0-17ubuntu1~20.04) 
configure:2709: $? = 0
configure:2716: gcc -V >&5
gcc: error: unrecognized command line option '-V'
gcc: fatal error: no input files
compilation terminated.
configure:2720: $? = 1
configure:2743: checking for C compiler default output file name
configure:2765: gcc    conftest.c  >&5
configure:2769: $? = 0
configure:2807: result: a.out
configure:2826: checking whether the C compiler works
configure:2836: ./a.out
configure:2840: $? = 0
configure:2859: result: yes
configure:2866: checking whether we are cross compiling
configure:2868: result: no
configure:2871: checking for suffix of executables
configure:2878: gcc -o conftest    conftest.c  >&5
configure:2882: $? = 0
configure:2908: result: 
configure:2914: checking for suffix of object files
configure:2940: gcc -c   conftest.c >&5
configure:2944: $? = 0
configure:2969: result: o
configure:2973: checking whether we are using the GNU C compiler
configure:3002: gcc -c   conftest.c >&5
configure:3009: $? = 0
configure:3026: result: yes
configure:3035: checking whether gcc accepts -g
configure:3065: gcc -c -g  conftest.c >&5
configure:3072: $? = 0
configure:3173: result: yes
configure:3190: checking for gcc option to accept ISO C89
configure:3264: gcc  -c -g -O2  conftest.c >&5
configure:3271: $? = 0
configure:3294: result: none needed
configure:3323: checking for style of include used by make
configure:3351: result: GNU
configure:3376: checking dependency style of gcc
configure:3486: result: gcc3
configure:3515: checking for a BSD-compatible install
configure:3583: result: /usr/bin/install -c
configure:3637: checking for ranlib
configure:3653: found /usr/bin/ranlib
configure:3664: result: ranlib
configure:3687: checking whether gcc and cc understand -c and -o together
configure:3722: gcc -c conftest.c -o conftest2.o >&5
configure:3726: $? = 0
configure:3732: gcc -c conftest.c -o conftest2.o >&5
configure:3736: $? = 0
configure:3747: cc -c conftest.c >&5
configure:3751: $? = 0
configure:3759: cc -c conftest.c -o conftest2.o >&5
configure:3763: $? = 0
configure:3769: cc -c conftest.c -o conftest2.o >&5
configure:3773: $? = 0
configure:3791: result: yes
configure:3846: checking for gethostname in -lnsl
configure:3881: gcc -o conftest -g -O2 -W -Wall -Wmissing-prototypes -Wstrict-prototypes -Wundef -Wbad-function-cast -Wcast-qual -Wcast-align -Wmissing-declarations -Wredundant-decls -Wnested-externs   conftest.c -lnsl   >&5
conftest.c:17:1: warning: function declaration isn't a prototype [-Wstrict-prototypes]
   17 | char gethostname ();
      | ^~~~
conftest.c:19:1: warning: function declaration isn't a prototype [-Wstrict-prototypes]
   19 | main ()
      | ^~~~
configure:3888: $? = 0
configure:3909: result: yes
configure:3921: checking for socket in -lsocket
configure:3956: gcc -o conftest -g -O2 -W -Wall -Wmissing-prototypes -Wstrict-prototypes -Wundef -Wbad-function-cast -Wcast-qual -Wcast-align -Wmissing-declarations -Wredundant-decls -Wnested-externs   conftest.c -lsocket  -lnsl  >&5
conftest.c:18:1: warning: function declaration isn't a prototype [-Wstrict-prototypes]
   18 | char socket ();
      | ^~~~
conftest.c:20:1: warning: function declaration isn't a prototype [-Wstrict-prototypes]
   20 | main ()
      | ^~~~
/usr/bin/ld: cannot find -lsocket
collect2: error: ld returned 1 exit status
configure:3963: $? = 1
configure: failed program was:
| /* confdefs.h.  */
| #define PACKAGE_NAME ""
| #define PACKAGE_TARNAME ""
| #define PACKAGE_VERSION ""
| #define PACKAGE_STRING ""
| #define PACKAGE_BUGREPORT ""
| #define PACKAGE "xdt_imt"
| #define VERSION "20201208"
| #define HAVE_LIBNSL 1
| /* end confdefs.h.  */
| 
| /* Override any GCC internal prototype to avoid an error.
|    Use char because int might match the return type of a GCC
|    builtin and then its argument prototype would still apply.  */
| #ifdef __cplusplus
| extern "C"
| #endif
| char socket ();
| int
| main ()
| {
| return socket ();
|   ;
|   return 0;
| }
configure:3984: result: no
configure:3996: checking for nanosleep in -lposix4
configure:4031: gcc -o conftest -g -O2 -W -Wall -Wmissing-prototypes -Wstrict-prototypes -Wundef -Wbad-function-cast -Wcast-qual -Wcast-align -Wmissing-declarations -Wredundant-decls -Wnested-externs   conftest.c -lposix4  -lnsl  >&5
conftest.c:18:1: warning: function declaration isn't a prototype [-Wstrict-prototypes]
   18 | char nanosleep ();
      | ^~~~
conftest.c:20:1: warning: function declaration isn't a prototype [-Wstrict-prototypes]
   20 | main ()
      | ^~~~
/usr/bin/ld: cannot find -lposix4
collect2: error: ld returned 1 exit status
configure:4038: $? = 1
configure: failed program was:
| /* confdefs.h.  */
| #define PACKAGE_NAME ""
| #define PACKAGE_TARNAME ""
| #define PACKAGE_VERSION ""
| #define PACKAGE_STRING ""
| #define PACKAGE_BUGREPORT ""
| #define PACKAGE "xdt_imt"
| #define VERSION "20201208"
| #define HAVE_LIBNSL 1
| /* end confdefs.h.  */
| 
| /* Override any GCC internal prototype to avoid an error.
|    Use char because int might match the return type of a GCC
|    builtin and then its argument prototype would still apply.  */
| #ifdef __cplusplus
| extern "C"
| #endif
| char nanosleep ();
| int
| main ()
| {
| return nanosleep ();
|   ;
|   return 0;
| }
configure:4059: result: no
configure:4071: checking for nanosleep in -lrt
configure:4106: gcc -o conftest -g -O2 -W -Wall -Wmissing-prototypes -Wstrict-prototypes -Wundef -Wbad-function-cast -Wcast-qual -Wcast-align -Wmissing-declarations -Wredundant-decls -Wnested-externs   conftest.c -lrt  -lnsl  >&5
conftest.c:18:1: warning: function declaration isn't a prototype [-Wstrict-prototypes]
   18 | char nanosleep ();
      | ^~~~
conftest.c:20:1: warning: function declaration isn't a prototype [-Wstrict-prototypes]
   20 | main ()
      | ^~~~
configure:4113: $? = 0
configure:4134: result: yes
configure:4152: checking how to run the C preprocessor
configure:4192: gcc -E  conftest.c
configure:4199: $? = 0
configure:4230: gcc -E  conftest.c
conftest.c:12:10: fatal error: ac_nonexistent.h: No such file or directory
   12 | #include <ac_nonexistent.h>
      |          ^~~~~~~~~~~~~~~~~~
compilation terminated.
configure:4237: $? = 1
configure: failed program was:
| /* confdefs.h.  */
| #define PACKAGE_NAME ""
| #define PACKAGE_TARNAME ""
| #define PACKAGE_VERSION ""
| #define PACKAGE_STRING ""
| #define PACKAGE_BUGREPORT ""
| #define PACKAGE "xdt_imt"
| #define VERSION "20201208"
| #define HAVE_LIBNSL 1
| #define HAVE_LIBRT 1
| /* end confdefs.h.  */
| #include <ac_nonexistent.h>
configure:4270: result: gcc -E
configure:4299: gcc -E  conftest.c
configure:4306: $? = 0
configure:4337: gcc -E  conftest.c
conftest.c:12:10: fatal error: ac_nonexistent.h: No such file or directory
   12 | #include <ac_nonexistent.h>
      |          ^~~~~~~~~~~~~~~~~~
compilation terminated.
configure:4344: $? = 1
configure: failed program was:
| /* confdefs.h.  */
| #define PACKAGE_NAME ""
| #define PACKAGE_TARNAME ""
| #define PACKAGE_VERSION ""
| #define PACKAGE_STRING ""
| #define PACKAGE_BUGREPORT ""
| #define PACKAGE "xdt_imt"
| #define VERSION "20201208"
| #define HAVE_LIBNSL 1
| #define HAVE_LIBRT 1
| /* end confdefs.h.  */
| #include <ac_nonexistent.h>
configure:4384: checking for grep that handles long lines and -e
configure:4444: result: /usr/bin/grep
configure:4449: checking for egrep
configure:4513: result: /usr/bin/grep -E
configure:4519: checking whether gcc needs -traditional
configure:4561: result: no
configure:4572: checking for PF_LOCAL in <sys/socket.h>
configure:4622: result: yes
configure:4762: creating ./config.status

## ---------------------- ##
## Running config.status. ##
## ---------------------- ##

This file was extended by config.status, which was
generated by GNU Autoconf 2.63.  Invocation command line was

  CONFIG_FILES    = 
  CONFIG_HEADERS  = 
  CONFIG_LINKS    = 
  CONFIG_COMMANDS = 
  $ ./config.status 

on rnks-vm

config.status:770: creating Makefile
config.status:770: creating src/Makefile
config.status:770: creating src/xdt/Makefile
config.status:770: creating src/service/Makefile
config.status:770: creating src/user/Makefile
config.status:770: creating src/examples/Makefile
config.status:770: creating config.h
config.status:1044: executing depfiles commands

## ---------------- ##
## Cache variables. ##
## ---------------- ##

ac_cv_c_compiler_gnu=yes
ac_cv_env_CC_set=
ac_cv_env_CC_value=
ac_cv_env_CFLAGS_set=
ac_cv_env_CFLAGS_value=
ac_cv_env_CPPFLAGS_set=
ac_cv_env_CPPFLAGS_value=
ac_cv_env_CPP_set=
ac_cv_env_CPP_value=
ac_cv_env_LDFLAGS_set=
ac_cv_env_LDFLAGS_value=
ac_cv_env_LIBS_set=
ac_cv_env_LIBS_value=
ac_cv_env_build_alias_set=
ac_cv_env_build_alias_value=
ac_cv_env_host_alias_set=
ac_cv_env_host_alias_value=
ac_cv_env_target_alias_set=
ac_cv_env_target_alias_value=
ac_cv_lib_nsl_gethostname=yes
ac_cv_lib_posix4_nanosleep=no
ac_cv_lib_rt_nanosleep=yes
ac_cv_lib_socket_socket=no
ac_cv_objext=o
ac_cv_path_EGREP='/usr/bin/grep -E'
ac_cv_path_GREP=/usr/bin/grep
ac_cv_path_install='/usr/bin/install -c'
ac_cv_path_mkdir=/usr/bin/mkdir
ac_cv_prog_AWK=mawk
ac_cv_prog_CPP='gcc -E'
ac_cv_prog_ac_ct_CC=gcc
ac_cv_prog_ac_ct_RANLIB=ranlib
ac_cv_prog_cc_c89=
ac_cv_prog_cc_g=yes
ac_cv_prog_cc_gcc_c_o=yes
ac_cv_prog_gcc_traditional=no
ac_cv_prog_make_make_set=yes
am_cv_CC_dependencies_compiler_type=gcc3

## ----------------- ##
## Output variables. ##
## ----------------- ##

ACLOCAL='${SHELL} /media/sf_shared/xdt/missing --run aclocal-1.11'
AMDEPBACKSLASH='\'
AMDEP_FALSE='#'
AMDEP_TRUE=''
AMTAR='${SHELL} /media/sf_shared/xdt/missing --run tar'
AUTOCONF='${SHELL} /media/sf_shared/xdt/missing --run autoconf'
AUTOHEADER='${SHELL} /media/sf_shared/xdt/missing --run autoheader'
AUTOMAKE='${SHELL} /media/sf_shared/xdt/missing --run automake-1.11'
AWK='mawk'
CC='gcc'
CCDEPMODE='depmode=gcc3'
CFLAGS='-g -O2 -W -Wall -Wmissing-prototypes -Wstrict-prototypes -Wundef -Wbad-function-cast -Wcast-qual -Wcast-align -Wmissing-declarations -Wredundant-decls -Wnested-externs'
CPP='gcc -E'
CPPFLAGS=''
CYGPATH_W='echo'
DEFS='-DHAVE_CONFIG_H'
DEPDIR='.deps'
ECHO_C=''
ECHO_N='-n'
ECHO_T=''
EGREP='/usr/bin/grep -E'
EXEEXT=''
GREP='/usr/bin/grep'
INSTALL_DATA='${INSTALL} -m 644'
INSTALL_PROGRAM='${INSTALL}'
INSTALL_SCRIPT='${INSTALL}'
INSTALL_STRIP_PROGRAM='$(install_sh) -c -s'
LDFLAGS=''
LIBOBJS=''
LIBS='-lrt -lnsl '
LTLIBOBJS=''
MAKEINFO='${SHELL} /media/sf_shared/xdt/missing --run makeinfo'
MKDIR_P='/usr/bin/mkdir -p'
NO_WARNINGS_FALSE=''
NO_WARNINGS_TRUE='#'
OBJEXT='o'
PACKAGE='xdt_imt'
PACKAGE_BUGREPORT=''
PACKAGE_NAME=''
PACKAGE_STRING=''
PACKAGE_TARNAME=''
PACKAGE_VERSION=''
PATH_SEPARATOR=':'
RANLIB='ranlib'
SET_MAKE=''
SHELL='/bin/bash'
STRIP=''
VERSION='20201208'
WARN_NO_ERROR_FALSE='#'
WARN_NO_ERROR_TRUE=''
ac_ct_CC='gcc'
am__EXEEXT_FALSE=''
am__EXEEXT_TRUE='#'
am__fastdepCC_FALSE='#'
am__fastdepCC_TRUE=''
am__include='include'
am__isrc=''
am__leading_dot='.'
am__quote=''
am__tar='${AMTAR} chof - "$$tardir"'
am__untar='${AMTAR} xf -'
bindir='${exec_prefix}/bin'
build_alias=''
datadir='${datarootdir}'
datarootdir='${prefix}/share'
docdir='${datarootdir}/doc/${PACKAGE}'
dvidir='${docdir}'
exec_prefix='${prefix}'
host_alias=''
htmldir='${docdir}'
includedir='${prefix}/include'
infodir='${datarootdir}/info'
install_sh='${SHELL} /media/sf_shared/xdt/install-sh'
libdir='${exec_prefix}/lib'
libexecdir='${exec_prefix}/libexec'
localedir='${datarootdir}/locale'
localstatedir='${prefix}/var'
mandir='${datarootdir}/man'
mkdir_p='/usr/bin/mkdir -p'
oldincludedir='/usr/include'
pdfdir='${docdir}'
prefix='/usr/local'
program_transform_name='s,x,x,'
psdir='${docdir}'
sbindir='${exec_prefix}/sbin'
sharedstatedir='${prefix}/com'
sysconfdir='${prefix}/etc'
target_alias=''

## ----------- ##
## confdefs.h. ##
## ----------- ##

#define PACKAGE_NAME ""
#define PACKAGE_TARNAME ""
#define PACKAGE_VERSION ""
#define PACKAGE_STRING ""
#define PACKAGE_BUGREPORT ""
#define PACKAGE "xdt_imt"
#define VERSION "20201208"
#define HAVE_LIBNSL 1
#define HAVE_LIBRT 1

configure: exit 0

## ---------------------- ##
## Running config.status. ##
## ---------------------- ##

This file was extended by config.status, which was
generated by GNU Autoconf 2.63.  Invocation command line was

  CONFIG_FILES    = 
  CONFIG_HEADERS  = 
  CONFIG_LINKS    = 
  CONFIG_COMMANDS = 
  $ ./config.status config.h

on rnks-vm

config.status:770: creating config.h
config.status:992: config.h is unchanged

## ---------------------- ##
## Running config.status. ##
## ---------------------- ##

This file was extended by config.status, which was
generated by GNU Autoconf 2.63.  Invocation command line was

  CONFIG_FILES    = 
  CONFIG_HEADERS  = 
  CONFIG_LINKS    = 
  CONFIG_COMMANDS = 
  $ ./config.status 

on rnks-vm

config.status:770: creating Makefile
config.status:770: creating src/Makefile
config.status:770: creating src/xdt/Makefile
config.status:770: creating src/service/Makefile
config.status:770: creating src/user/Makefile
config.status:770: creating src/examples/Makefile
config.status:770: creating config.h
config.status:992: config.h is unchanged
config.status:1044: executing depfiles commands

## ---------------------- ##
## Running config.status. ##
## ---------------------- ##

This file was extended by config.status, which was
generated by GNU Autoconf 2.63.  Invocation command line was

  CONFIG_FILES    = 
  CONFIG_HEADERS  = 
  CONFIG_LINKS    = 
  CONFIG_COMMANDS = 
  $ ./config.status config.h

on rnks-vm

config.status:770: creating config.h
config.status:992: config.h is unchanged

## ---------------------- ##
## Running config.status. ##
## ---------------------- ##

This file was extended by config.status, which was
generated by GNU Autoconf 2.63.  Invocation command line was

  CONFIG_FILES    = 
  CONFIG_HEADERS  = 
  CONFIG_LINKS    = 
  CONFIG_COMMANDS = 
  $ ./config.status 

on rnks-vm

config.status:771: creating Makefile
config.status:771: creating src/Makefile
config.status:771: creating src/xdt/Makefile
config.status:771: creating src/service/Makefile
config.status:771: creating src/user/Makefile
config.status:771: creating src/examples/Makefile
config.status:771: creating config.h
config.status:993: config.h is unchanged
config.status:1045: executing depfiles commands
